<?xml version="1.0" encoding="UTF-8"?>
<testng-results ignored="0" total="1" passed="1" failed="0" skipped="0">
  <reporter-output>
  </reporter-output>
  <suite started-at="2021-12-30T20:30:50 IST" name="Default suite" finished-at="2021-12-30T20:34:26 IST" duration-ms="215243">
    <groups>
    </groups>
    <test started-at="2021-12-30T20:30:50 IST" name="Default test" finished-at="2021-12-30T20:34:26 IST" duration-ms="215243">
      <class name="TestNG.CreateAccount_testcases">
        <test-method signature="createAccount()[pri:0, instance:TestNG.CreateAccount_testcases@45b9a632]" started-at="2021-12-30T20:30:51 IST" name="createAccount" finished-at="2021-12-30T20:34:26 IST" duration-ms="215110" status="PASS">
          <reporter-output>
          </reporter-output>
        </test-method> <!-- createAccount -->
      </class> <!-- TestNG.CreateAccount_testcases -->
    </test> <!-- Default test -->
  </suite> <!-- Default suite -->
</testng-results>
